total 204
drwxr-xr-x 20 USER2022100821 USER2022100821  4096 Apr 20 11:33 .
drwxr-xr-x  5 root           root            4096 Apr 14 21:56 ..
-rw-------  1 USER2022100821 USER2022100821 32625 Apr 20 11:14 .bash_history
-rw-r--r--  1 USER2022100821 USER2022100821   220 Mar  2 14:16 .bash_logout
-rw-r--r--  1 USER2022100821 USER2022100821  4194 Apr 12 17:02 .bashrc
-rw-r--r--  1 USER2022100821 USER2022100821 16384 Apr 12 16:40 .bashrc.swp
drwxr-xr-x  5 USER2022100821 USER2022100821  4096 Apr 13 21:50 .cache
drwx------  4 USER2022100821 USER2022100821  4096 Apr 13 21:58 .config
drwxr-xr-x  3 USER2022100821 USER2022100821  4096 Mar 29 22:53 .dotnet
-rw-rw-r--  1 USER2022100821 USER2022100821    88 Apr  9 03:31 .gitconfig
-rw-r--r--  1 USER2022100821 USER2022100821 12288 Apr  9 03:28 .gitconfig.swn
-rw-r--r--  1 USER2022100821 USER2022100821 12288 Mar  6 23:02 .hello.c.swp
drwxr-xr-x  2 USER2022100821 USER2022100821  4096 Mar 23 14:59 .landscape
drwxr-xr-x  7 USER2022100821 USER2022100821  4096 Apr 13 21:57 .local
-rw-rw-r--  1 USER2022100821 USER2022100821     0 Apr 19 08:32 .motd_shown
drwxr-xr-x  5 USER2022100821 USER2022100821  4096 Apr 13 17:45 .npm
-rw-r--r--  1 USER2022100821 USER2022100821   807 Mar  2 14:16 .profile
-rw-------  1 USER2022100821 USER2022100821    37 Mar 15 14:09 .python_history
drwx------  2 USER2022100821 USER2022100821  4096 Mar 18 12:50 .ssh
-rw-r--r--  1 USER2022100821 USER2022100821     0 Mar 15 21:30 .sudo_as_admin_successful
-rw-------  1 USER2022100821 USER2022100821  8403 Apr 14 15:47 .viminfo
drwxr-xr-x  2 USER2022100821 USER2022100821  4096 Mar 15 13:31 .vscode
drwxr-xr-x  3 USER2022100821 USER2022100821  4096 Mar 29 22:53 .vscode-remote-containers
drwxr-xr-x  5 USER2022100821 USER2022100821  4096 Mar 29 22:53 .vscode-server
-rw-rw-r--  1 USER2022100821 USER2022100821   209 Mar 17 11:53 .wget-hsts
-rw-rw-r--  1 USER2022100821 USER2022100821  1933 Mar 29 18:24 .wsl-config
drwxr-xr-x  7 USER2022100821 USER2022100821  4096 Apr 13 21:52 DJITelloPy
drwxr-xr-x  8 USER2022100821 USER2022100821  4096 Apr 13 22:38 Edge-SDK
drwxr-xr-x  6 USER2022100821 USER2022100821  4096 Apr  7 22:10 Mathematical-modeling
drwxr-xr-x 13 USER2022100821 USER2022100821  4096 Apr 13 21:42 Teach-Repeat-Replan
-rw-r--r--  1 USER2022100821 USER2022100821     0 Apr 20 11:33 ls.out
-rw-r--r--  1 USER2022100821 USER2022100821   112 Apr 20 11:19 sedtest.txt
drwxr-xr-x  3 USER2022100821 USER2022100821  4096 Apr 20 10:59 test_grep
drwxr-xr-x  3 USER2022100821 USER2022100821  4096 Apr 14 15:47 testfind
drwxr-xr-x  4 USER2022100821 USER2022100821  4096 Apr 14 22:57 testgit
drwxrwxr-x  5 USER2022100821 USER2022100821  4096 Apr 15 09:27 work
